<?xml version="1.0" encoding="UTF-8"?>
<testsuite xmlns:xsi="http://www.w3.org/2001/XMLSchema-instance" xsi:noNamespaceSchemaLocation="https://maven.apache.org/surefire/maven-surefire-plugin/xsd/surefire-test-report-3.0.xsd" version="3.0" name="com.epam.training.ticketservice.service.impl.RoomServiceImplTest" time="0.011" tests="7" errors="0" skipped="0" failures="0">
  <properties>
[...]
</properties>
  <testcase name="testCreateRoomShouldThrowExceptionWhenRoomExists" classname="com.epam.training.ticketservice.service.impl.RoomServiceImplTest" time="0.002"/>
  <testcase name="testUpdateRoomShouldThrowExceptionWhenRoomNotFound" classname="com.epam.training.ticketservice.service.impl.RoomServiceImplTest" time="0.002"/>
  <testcase name="testUpdateRoom" classname="com.epam.training.ticketservice.service.impl.RoomServiceImplTest" time="0.001"/>
  <testcase name="testListRooms" classname="com.epam.training.ticketservice.service.impl.RoomServiceImplTest" time="0"/>
  <testcase name="testCreateRoomShouldReturnRoomDtoWhenRoomDoesNotExist" classname="com.epam.training.ticketservice.service.impl.RoomServiceImplTest" time="0.001"/>
  <testcase name="testDeleteRoom" classname="com.epam.training.ticketservice.service.impl.RoomServiceImplTest" time="0"/>
  <testcase name="testDeleteRoomShouldThrowExceptionWhenRoomNotFound" classname="com.epam.training.ticketservice.service.impl.RoomServiceImplTest" time="0"/>
</testsuite>